<?xml version="1.0" encoding="UTF-8"?>
<!-- Generated by org.testng.reporters.JUnitReportReporter -->
<testsuite hostname="DESKTOP-OBP08OP" failures="0" tests="5" name="MobileTestCase.MyTestCase" time="19.863" errors="0" timestamp="2025-06-08T00:10:35 EET" skipped="4">
  <testcase classname="MobileTestCase.MyTestCase" name="ClickInTwoRandomNumber" time="19.863"/>
  <system-out/>
  <testcase classname="MobileTestCase.MyTestCase" name="ClickEvenNumberOnly">
    <skipped/>
  </testcase> <!-- ClickEvenNumberOnly -->
  <system-out/>
  <testcase classname="MobileTestCase.MyTestCase" name="MyTest">
    <skipped/>
  </testcase> <!-- MyTest -->
  <system-out/>
  <testcase classname="MobileTestCase.MyTestCase" name="ClickOddNumberOnly">
    <skipped/>
  </testcase> <!-- ClickOddNumberOnly -->
  <system-out/>
  <testcase classname="MobileTestCase.MyTestCase" name="ClickNumberOnly">
    <skipped/>
  </testcase> <!-- ClickNumberOnly -->
  <system-out/>
</testsuite> <!-- MobileTestCase.MyTestCase -->
